2021-10-10 20:02:04,928 : ERROR : main :  : WindowsDefenderExceptionHandler :  :  : PowerShell command powershell -inputformat none -outputformat text -NonInteractive -Command Get-MpComputerStatus -ErrorAction Stop | Select-Object -ExpandProperty AMServiceEnabled did not terminate successfully.
2021-10-10 20:02:04,930 : ERROR : main :  : WindowsDefenderExceptionHandler :  :  : Stderr is:
2021-10-10 20:02:04,930 : ERROR : main :  : WindowsDefenderExceptionHandler :  :  : Get-MpComputerStatus : A general error occurred that is not covered by a more specific error code.
2021-10-10 20:02:04,930 : ERROR : main :  : WindowsDefenderExceptionHandler :  :  : At line:1 char:1
2021-10-10 20:02:04,931 : ERROR : main :  : WindowsDefenderExceptionHandler :  :  : + Get-MpComputerStatus -ErrorAction Stop | Select-Object -ExpandPropert ...
2021-10-10 20:02:04,931 : ERROR : main :  : WindowsDefenderExceptionHandler :  :  : + ~~~~~~~~~~~~~~~~~~~~~~~~~~~~~~~~~~~~~~
2021-10-10 20:02:04,931 : ERROR : main :  : WindowsDefenderExceptionHandler :  :  :     + CategoryInfo          : NotSpecified: (MSFT_MpComputerStatus:ROOT\Microsoft\...pComputerStatus) [Get-MpComputerS 
2021-10-10 20:02:04,932 : ERROR : main :  : WindowsDefenderExceptionHandler :  :  :    tatus], CimException
2021-10-10 20:02:04,932 : ERROR : main :  : WindowsDefenderExceptionHandler :  :  :     + FullyQualifiedErrorId : HRESULT 0x800106ba,Get-MpComputerStatus
2021-10-10 20:02:04,932 : ERROR : main :  : WindowsDefenderExceptionHandler :  :  :  
2021-10-10 20:02:25,472 : WARN  : Worker-4: Downloading statistics for node recommendations. :  : WorkflowCoachView :  :  : Could not update node recommendations statistics.
java.io.IOException: Downloaded file doesn't contain node recommendation data.
	at org.knime.workbench.workflowcoach.data.AbstractFileDownloadTripleProvider.checkDownloadedFile(AbstractFileDownloadTripleProvider.java:190)
	at org.knime.workbench.workflowcoach.data.AbstractFileDownloadTripleProvider.update(AbstractFileDownloadTripleProvider.java:169)
	at org.knime.workbench.workflowcoach.prefs.UpdateJob.run(UpdateJob.java:132)
	at org.eclipse.core.internal.jobs.Worker.run(Worker.java:63)
2021-10-14 00:53:01,747 : ERROR : main :  : WindowsDefenderExceptionHandler :  :  : PowerShell command powershell -inputformat none -outputformat text -NonInteractive -Command Get-MpComputerStatus -ErrorAction Stop | Select-Object -ExpandProperty AMServiceEnabled did not terminate successfully.
2021-10-14 00:53:01,749 : ERROR : main :  : WindowsDefenderExceptionHandler :  :  : Stderr is:
2021-10-14 00:53:01,749 : ERROR : main :  : WindowsDefenderExceptionHandler :  :  : Get-MpComputerStatus : A general error occurred that is not covered by a more specific error code.
2021-10-14 00:53:01,749 : ERROR : main :  : WindowsDefenderExceptionHandler :  :  : At line:1 char:1
2021-10-14 00:53:01,749 : ERROR : main :  : WindowsDefenderExceptionHandler :  :  : + Get-MpComputerStatus -ErrorAction Stop | Select-Object -ExpandPropert ...
2021-10-14 00:53:01,750 : ERROR : main :  : WindowsDefenderExceptionHandler :  :  : + ~~~~~~~~~~~~~~~~~~~~~~~~~~~~~~~~~~~~~~
2021-10-14 00:53:01,750 : ERROR : main :  : WindowsDefenderExceptionHandler :  :  :     + CategoryInfo          : NotSpecified: (MSFT_MpComputerStatus:ROOT\Microsoft\...pComputerStatus) [Get-MpComputerS 
2021-10-14 00:53:01,750 : ERROR : main :  : WindowsDefenderExceptionHandler :  :  :    tatus], CimException
2021-10-14 00:53:01,750 : ERROR : main :  : WindowsDefenderExceptionHandler :  :  :     + FullyQualifiedErrorId : HRESULT 0x800106ba,Get-MpComputerStatus
2021-10-14 00:53:01,750 : ERROR : main :  : WindowsDefenderExceptionHandler :  :  :  
2021-10-14 03:45:16,689 : WARN  : main :  : Node : Excel Reader : 3:1 : Please specify a file
2021-10-14 03:50:23,265 : ERROR : KNIME-Worker-3-Excel Reader 3:1 :  : Node : Excel Reader : 3:1 : Execute failed: Row with ID 'Row467315' can't be converted to the configured data types. Increasing the number of scanned rows or changing the target types might resolve the issue. Content of row: [A563185 (STRING), B (STRING), Adjust bad debt (STRING), 1 (INT), 2011-08-12T14:50 (LOCAL_DATE_TIME), 11062.06 (DOUBLE), null, United Kingdom (STRING), null, null, null]
org.knime.filehandling.core.node.table.reader.type.mapping.MappingRuntimeException: Row with ID 'Row467315' can't be converted to the configured data types. Increasing the number of scanned rows or changing the target types might resolve the issue. Content of row: [A563185 (STRING), B (STRING), Adjust bad debt (STRING), 1 (INT), 2011-08-12T14:50 (LOCAL_DATE_TIME), 11062.06 (DOUBLE), null, United Kingdom (STRING), null, null, null]
	at org.knime.filehandling.core.node.table.reader.DefaultMultiTableRead.processAndThrowTypeMapperException(DefaultMultiTableRead.java:169)
	at org.knime.filehandling.core.node.table.reader.DefaultMultiTableRead.fillRowOutput(DefaultMultiTableRead.java:137)
	at org.knime.filehandling.core.node.table.reader.MultiTableReader.fillRowOutput(MultiTableReader.java:90)
	at org.knime.filehandling.core.node.table.reader.MultiTableReader.readTable(MultiTableReader.java:173)
	at org.knime.filehandling.core.node.table.reader.TableReaderNodeModel.execute(TableReaderNodeModel.java:160)
	at org.knime.ext.poi3.node.io.filehandling.excel.reader.ExcelTableReaderNodeModel.execute(ExcelTableReaderNodeModel.java:106)
	at org.knime.core.node.NodeModel.executeModel(NodeModel.java:556)
	at org.knime.core.node.Node.invokeFullyNodeModelExecute(Node.java:1259)
	at org.knime.core.node.Node.execute(Node.java:1039)
	at org.knime.core.node.workflow.NativeNodeContainer.performExecuteNode(NativeNodeContainer.java:559)
	at org.knime.core.node.exec.LocalNodeExecutionJob.mainExecute(LocalNodeExecutionJob.java:95)
	at org.knime.core.node.workflow.NodeExecutionJob.internalRun(NodeExecutionJob.java:201)
	at org.knime.core.node.workflow.NodeExecutionJob.run(NodeExecutionJob.java:117)
	at org.knime.core.util.ThreadUtils$RunnableWithContextImpl.runWithContext(ThreadUtils.java:365)
	at org.knime.core.util.ThreadUtils$RunnableWithContext.run(ThreadUtils.java:219)
	at java.base/java.util.concurrent.Executors$RunnableAdapter.call(Unknown Source)
	at java.base/java.util.concurrent.FutureTask.run(Unknown Source)
	at org.knime.core.util.ThreadPool$MyFuture.run(ThreadPool.java:123)
	at org.knime.core.util.ThreadPool$Worker.run(ThreadPool.java:246)
Caused by: org.knime.filehandling.core.node.table.reader.type.mapping.TypeMapperException: java.lang.UnsupportedOperationException: Datatype 'STRING' does not support this call.
	at org.knime.filehandling.core.node.table.reader.type.mapping.DefaultTypeMapper.map(DefaultTypeMapper.java:107)
	at org.knime.filehandling.core.node.table.reader.DefaultIndividualTableReader.toRow(DefaultIndividualTableReader.java:108)
	at org.knime.filehandling.core.node.table.reader.DefaultIndividualTableReader.fillOutputWithProgress(DefaultIndividualTableReader.java:146)
	at org.knime.filehandling.core.node.table.reader.DefaultIndividualTableReader.fillOutput(DefaultIndividualTableReader.java:121)
	at org.knime.filehandling.core.node.table.reader.DefaultMultiTableRead.fillRowOutput(DefaultMultiTableRead.java:135)
	... 17 more
Caused by: java.lang.UnsupportedOperationException: Datatype 'STRING' does not support this call.
	at org.knime.ext.poi3.node.io.filehandling.excel.reader.read.ExcelCell.unsupportedOperationException(ExcelCell.java:194)
	at org.knime.ext.poi3.node.io.filehandling.excel.reader.read.ExcelCell.getIntValue(ExcelCell.java:143)
	at org.knime.ext.poi3.node.io.filehandling.excel.reader.read.ExcelReadAdapterFactory$StringToIntCellValueProducer.produceIntCellValue(ExcelReadAdapterFactory.java:176)
	at org.knime.ext.poi3.node.io.filehandling.excel.reader.read.ExcelReadAdapterFactory$StringToIntCellValueProducer.produceIntCellValue(ExcelReadAdapterFactory.java:1)
	at org.knime.core.data.convert.map.IntCellValueProducer.produceCellValue(IntCellValueProducer.java:79)
	at org.knime.core.data.convert.map.IntCellValueProducer.produceCellValue(IntCellValueProducer.java:1)
	at org.knime.core.data.convert.map.DefaultDataRowProducer$ObjectMapper.map(DefaultDataRowProducer.java:428)
	at org.knime.core.data.convert.map.DefaultDataRowProducer.produceDataRow(DefaultDataRowProducer.java:283)
	at org.knime.filehandling.core.node.table.reader.type.mapping.DefaultTypeMapper.map(DefaultTypeMapper.java:105)
	... 21 more
2021-10-14 03:52:03,857 : ERROR : KNIME-Worker-4-Excel Reader 3:1 :  : Node : Excel Reader : 3:1 : Execute failed: Encountered duplicate row ID "540815"
org.knime.core.util.DuplicateKeyException: Encountered duplicate row ID "540815"
	at org.knime.core.data.container.BufferedDataContainerDelegate.checkAsyncWriteThrowable(BufferedDataContainerDelegate.java:377)
	at org.knime.core.data.container.BufferedDataContainerDelegate.addRowToTableAsynchronously(BufferedDataContainerDelegate.java:576)
	at org.knime.core.data.container.BufferedDataContainerDelegate.addRowToTable(BufferedDataContainerDelegate.java:527)
	at org.knime.core.data.container.DataContainer.addRowToTable(DataContainer.java:307)
	at org.knime.core.node.streamable.BufferedDataTableRowOutput.push(BufferedDataTableRowOutput.java:79)
	at org.knime.filehandling.core.node.table.reader.DefaultIndividualTableReader.fillOutputWithProgress(DefaultIndividualTableReader.java:146)
	at org.knime.filehandling.core.node.table.reader.DefaultIndividualTableReader.fillOutput(DefaultIndividualTableReader.java:121)
	at org.knime.filehandling.core.node.table.reader.DefaultMultiTableRead.fillRowOutput(DefaultMultiTableRead.java:135)
	at org.knime.filehandling.core.node.table.reader.MultiTableReader.fillRowOutput(MultiTableReader.java:90)
	at org.knime.filehandling.core.node.table.reader.MultiTableReader.readTable(MultiTableReader.java:173)
	at org.knime.filehandling.core.node.table.reader.TableReaderNodeModel.execute(TableReaderNodeModel.java:160)
	at org.knime.ext.poi3.node.io.filehandling.excel.reader.ExcelTableReaderNodeModel.execute(ExcelTableReaderNodeModel.java:106)
	at org.knime.core.node.NodeModel.executeModel(NodeModel.java:556)
	at org.knime.core.node.Node.invokeFullyNodeModelExecute(Node.java:1259)
	at org.knime.core.node.Node.execute(Node.java:1039)
	at org.knime.core.node.workflow.NativeNodeContainer.performExecuteNode(NativeNodeContainer.java:559)
	at org.knime.core.node.exec.LocalNodeExecutionJob.mainExecute(LocalNodeExecutionJob.java:95)
	at org.knime.core.node.workflow.NodeExecutionJob.internalRun(NodeExecutionJob.java:201)
	at org.knime.core.node.workflow.NodeExecutionJob.run(NodeExecutionJob.java:117)
	at org.knime.core.util.ThreadUtils$RunnableWithContextImpl.runWithContext(ThreadUtils.java:365)
	at org.knime.core.util.ThreadUtils$RunnableWithContext.run(ThreadUtils.java:219)
	at java.base/java.util.concurrent.Executors$RunnableAdapter.call(Unknown Source)
	at java.base/java.util.concurrent.FutureTask.run(Unknown Source)
	at org.knime.core.util.ThreadPool$MyFuture.run(ThreadPool.java:123)
	at org.knime.core.util.ThreadPool$Worker.run(ThreadPool.java:246)
Caused by: org.knime.core.util.DuplicateKeyException: Encountered duplicate row ID "540815"
	at org.knime.core.data.container.BufferedDataContainerDelegate.addRowKeyForDuplicateCheck(BufferedDataContainerDelegate.java:701)
	at org.knime.core.data.container.BufferedDataContainerDelegate$ContainerRunnable.run(BufferedDataContainerDelegate.java:764)
	at java.base/java.util.concurrent.ThreadPoolExecutor.runWorker(Unknown Source)
	at java.base/java.util.concurrent.ThreadPoolExecutor$Worker.run(Unknown Source)
	at java.base/java.lang.Thread.run(Unknown Source)
2021-10-14 03:59:39,217 : WARN  : main :  : Node : Row Filter : 3:2 : No row filter specified
2021-10-14 04:04:03,781 : WARN  : main :  : Node : Row Filter : 3:3 : No row filter specified
2021-10-14 04:04:24,027 : WARN  : main :  : Node : Row Filter : 3:3 : No row filter specified
2021-10-14 04:28:32,031 : WARN  : main :  : Node : Math Formula : 3:4 : No configuration available
2021-10-14 04:35:32,719 : WARN  : main :  : Node : Date&Time Difference : 3:6 : Node must be configured!
2021-10-14 15:04:45,373 : ERROR : main :  : WindowsDefenderExceptionHandler :  :  : PowerShell command powershell -inputformat none -outputformat text -NonInteractive -Command Get-MpComputerStatus -ErrorAction Stop | Select-Object -ExpandProperty AMServiceEnabled did not terminate successfully.
2021-10-14 15:04:45,375 : ERROR : main :  : WindowsDefenderExceptionHandler :  :  : Stderr is:
2021-10-14 15:04:45,375 : ERROR : main :  : WindowsDefenderExceptionHandler :  :  : Get-MpComputerStatus : A general error occurred that is not covered by a more specific error code.
2021-10-14 15:04:45,375 : ERROR : main :  : WindowsDefenderExceptionHandler :  :  : At line:1 char:1
2021-10-14 15:04:45,376 : ERROR : main :  : WindowsDefenderExceptionHandler :  :  : + Get-MpComputerStatus -ErrorAction Stop | Select-Object -ExpandPropert ...
2021-10-14 15:04:45,376 : ERROR : main :  : WindowsDefenderExceptionHandler :  :  : + ~~~~~~~~~~~~~~~~~~~~~~~~~~~~~~~~~~~~~~
2021-10-14 15:04:45,376 : ERROR : main :  : WindowsDefenderExceptionHandler :  :  :     + CategoryInfo          : NotSpecified: (MSFT_MpComputerStatus:ROOT\Microsoft\...pComputerStatus) [Get-MpComputerS 
2021-10-14 15:04:45,376 : ERROR : main :  : WindowsDefenderExceptionHandler :  :  :    tatus], CimException
2021-10-14 15:04:45,376 : ERROR : main :  : WindowsDefenderExceptionHandler :  :  :     + FullyQualifiedErrorId : HRESULT 0x800106ba,Get-MpComputerStatus
2021-10-14 15:04:45,377 : ERROR : main :  : WindowsDefenderExceptionHandler :  :  :  
2021-10-15 02:34:13,614 : WARN  : main :  : LongStartupHandler :  :  : Startup took 92638 seconds.
2021-10-15 02:34:57,463 : WARN  : main :  : Node : Excel Reader : 3:1 : Please specify a file
2021-10-15 02:45:53,554 : WARN  : main :  : Node : Excel Writer : 3:3 : Please specify a file
2021-10-17 03:06:45,959 : WARN  : main :  : Node : Excel Reader : 3:1 : Please specify a file
2021-10-17 03:18:50,687 : WARN  : main :  : Node : Row Filter : 3:2 : No row filter specified
2021-10-17 03:25:39,557 : WARN  : main :  : Node : Math Formula : 3:3 : No configuration available
2021-10-17 03:31:35,056 : WARN  : main :  : Node : Date&Time Difference : 3:4 : Node must be configured!
2021-10-17 03:34:36,676 : WARN  : main :  : Node : GroupBy : 3:5 : No grouping column included. Aggregate complete table.
2021-10-17 03:34:36,677 : WARN  : main :  : Node : GroupBy : 3:5 : No aggregation column defined
2021-10-17 03:34:36,677 : WARN  : main :  : Node : GroupBy : 3:5 : No aggregation column defined
2021-10-17 03:34:36,747 : WARN  : main :  : Node : GroupBy : 3:5 : Please select at least one group or aggregation column
2021-10-17 03:45:57,805 : WARN  : main :  : Node : Excel Writer : 3:6 : Please specify a file
2021-10-17 03:55:54,504 : WARN  : main :  : Node : Cell Replacer : 3:7 : No target column selected
2021-10-17 03:57:45,652 : WARN  : main :  : Node : Cell Replacer : 3:9 : No target column selected
2021-10-17 04:04:17,695 : WARN  : main :  : Node : Excel Writer : 3:12 : Please specify a file
2021-10-22 03:16:26,806 : WARN  : main :  : Node : Excel Reader : 3:1 : Please specify a file
2021-10-22 03:21:13,268 : WARN  : main :  : Node : Partitioning : 3:2 : No sampling method selected
2021-10-22 03:37:05,000 : WARN  : main :  : Node : Scorer : 3:6 : No columns selected yet.
2021-10-23 02:47:05,533 : WARN  : main :  : Node : Decision Tree Learner : 3:7 : Guessing target column: "embarked".
2021-10-23 02:51:27,425 : WARN  : main :  : Node : Scorer : 3:9 : No columns selected yet.
2021-10-23 02:51:52,238 : WARN  : KNIME-Worker-8-Scorer 3:9 :  : Node : Scorer : 3:9 : There were missing values in the reference or in the prediction class columns.
2021-10-23 02:53:41,437 : WARN  : main :  : Node : Random Forest Learner : 3:10 : No configuration available
2021-10-23 02:57:45,009 : WARN  : main :  : Node : Scorer : 3:12 : No columns selected yet.
2021-10-24 02:56:22,693 : WARN  : main :  : Node : Excel Reader : 3:1 : Please specify a file
2021-10-24 03:02:11,197 : WARN  : main :  : Node : Cell Splitter : 3:2 : Specify the column to split.
2021-10-24 03:09:33,468 : WARN  : main :  : Node : Excel Reader : 3:4 : Please specify a file
2021-10-24 03:10:16,919 : WARN  : main :  : Node : Joiner : 3:5 : No join columns passed.
2021-10-24 03:20:05,314 : WARN  : main :  : Node : Column Rename : 3:6 : No configuration available
2021-10-24 03:24:18,611 : WARN  : main :  : Node : Joiner : 3:8 : No join columns passed.
2021-10-24 03:26:23,984 : WARN  : main :  : Node : GroupBy : 3:9 : No grouping column included. Aggregate complete table.
2021-10-24 03:26:23,984 : WARN  : main :  : Node : GroupBy : 3:9 : No aggregation column defined
2021-10-24 03:26:23,984 : WARN  : main :  : Node : GroupBy : 3:9 : No aggregation column defined
2021-10-24 03:26:24,057 : WARN  : main :  : Node : GroupBy : 3:9 : Please select at least one group or aggregation column
2021-10-24 03:33:33,938 : WARN  : main :  : Node : Column Rename : 3:10 : No configuration available
2021-10-24 03:35:57,923 : WARN  : main :  : Node : Excel Reader : 3:11 : Please specify a file
2021-10-24 03:51:56,230 : WARN  : main :  : Node : GroupBy : 3:12 : No grouping column included. Aggregate complete table.
2021-10-24 03:51:56,230 : WARN  : main :  : Node : GroupBy : 3:12 : No aggregation column defined
2021-10-24 03:51:56,230 : WARN  : main :  : Node : GroupBy : 3:12 : No aggregation column defined
2021-10-24 03:51:56,230 : WARN  : main :  : Node : GroupBy : 3:12 : Please select at least one group or aggregation column
2021-10-24 03:51:59,260 : WARN  : KNIME-Worker-16-Excel Reader 3:11 :  : Node : GroupBy : 3:12 : No grouping column included. Aggregate complete table.
2021-10-24 03:51:59,264 : WARN  : KNIME-Worker-16-Excel Reader 3:11 :  : Node : GroupBy : 3:12 : No aggregation column defined
2021-10-24 03:51:59,264 : WARN  : KNIME-Worker-16-Excel Reader 3:11 :  : Node : GroupBy : 3:12 : No aggregation column defined
2021-10-24 03:51:59,264 : WARN  : KNIME-Worker-16-Excel Reader 3:11 :  : Node : GroupBy : 3:12 : Please select at least one group or aggregation column
2021-10-24 03:53:34,507 : WARN  : main :  : Node : Cell Splitter : 3:13 : Specify the column to split.
2021-10-24 03:54:28,353 : WARN  : main :  : Node : Subset Matcher : 3:14 : Subset column preset to Items
2021-10-24 03:54:28,353 : WARN  : main :  : Node : Subset Matcher : 3:14 : Set column preset to Items_SplitResultSet
2021-10-24 03:54:28,353 : WARN  : main :  : Node : Subset Matcher : 3:14 : Set id column preset to row id
2021-10-24 03:55:02,152 : WARN  : KNIME-Worker-19-Subset Matcher 3:14 :  : Node : Subset Matcher : 3:14 : No matching subsets found for 1 out of 1 sets
2021-10-24 03:58:55,866 : ERROR : main :  : Node : Subset Matcher : 3:14 : Configure failed (IllegalArgumentException): Duplicate column name "Items" at positions 0 and 2.
java.lang.IllegalArgumentException: Duplicate column name "Items" at positions 0 and 2.
	at org.knime.core.data.DataTableSpec.<init>(DataTableSpec.java:488)
	at org.knime.core.data.DataTableSpec.<init>(DataTableSpec.java:459)
	at org.knime.core.data.DataTableSpec.<init>(DataTableSpec.java:416)
	at org.knime.base.node.preproc.matcher.SubsetMatcherNodeModel.createTableSpec(SubsetMatcherNodeModel.java:545)
	at org.knime.base.node.preproc.matcher.SubsetMatcherNodeModel.configure(SubsetMatcherNodeModel.java:226)
	at org.knime.core.node.NodeModel.configure(NodeModel.java:1134)
	at org.knime.core.node.NodeModel.configureModel(NodeModel.java:1083)
	at org.knime.core.node.Node.invokeNodeModelConfigure(Node.java:1957)
	at org.knime.core.node.Node.configure(Node.java:1893)
	at org.knime.core.node.workflow.NativeNodeContainer.performConfigure(NativeNodeContainer.java:530)
	at org.knime.core.node.workflow.SingleNodeContainer.callNodeConfigure(SingleNodeContainer.java:304)
	at org.knime.core.node.workflow.SingleNodeContainer.configure(SingleNodeContainer.java:189)
	at org.knime.core.node.workflow.WorkflowManager.configureSingleNodeContainer(WorkflowManager.java:6407)
	at org.knime.core.node.workflow.WorkflowManager.configureNodeAndPortSuccessors(WorkflowManager.java:6566)
	at org.knime.core.node.workflow.WorkflowManager.configureNodeAndSuccessors(WorkflowManager.java:6509)
	at org.knime.core.node.workflow.WorkflowManager.loadNodeSettings(WorkflowManager.java:1982)
	at org.knime.core.node.workflow.NodeContainer.applySettingsFromDialog(NodeContainer.java:1088)
	at org.knime.core.ui.wrapper.NodeContainerWrapper.applySettingsFromDialog(NodeContainerWrapper.java:264)
	at org.knime.workbench.ui.wrapper.WrappedNodeDialog.doApply(WrappedNodeDialog.java:644)
	at org.knime.workbench.ui.wrapper.WrappedNodeDialog.doOK(WrappedNodeDialog.java:559)
	at org.knime.workbench.ui.wrapper.WrappedNodeDialog$5.widgetSelected(WrappedNodeDialog.java:495)
	at org.eclipse.swt.widgets.TypedListener.handleEvent(TypedListener.java:252)
	at org.eclipse.swt.widgets.EventTable.sendEvent(EventTable.java:89)
	at org.eclipse.swt.widgets.Display.sendEvent(Display.java:4209)
	at org.eclipse.swt.widgets.Widget.sendEvent(Widget.java:1043)
	at org.eclipse.swt.widgets.Display.runDeferredEvents(Display.java:4026)
	at org.eclipse.swt.widgets.Display.readAndDispatch(Display.java:3626)
	at org.eclipse.jface.window.Window.runEventLoop(Window.java:823)
	at org.eclipse.jface.window.Window.open(Window.java:799)
	at org.knime.workbench.ui.wrapper.WrappedNodeDialog.open(WrappedNodeDialog.java:199)
	at org.knime.workbench.editor2.editparts.NodeContainerEditPart.openDialog(NodeContainerEditPart.java:935)
	at org.knime.workbench.editor2.editparts.NodeContainerEditPart.openNodeDialog(NodeContainerEditPart.java:843)
	at org.knime.workbench.editor2.actions.OpenDialogAction.runOnNodes(OpenDialogAction.java:129)
	at org.knime.workbench.editor2.actions.AbstractNodeAction.runInSWT(AbstractNodeAction.java:174)
	at org.knime.workbench.editor2.actions.AbstractNodeAction$1.run(AbstractNodeAction.java:160)
	at org.eclipse.swt.widgets.Synchronizer.syncExec(Synchronizer.java:236)
	at org.eclipse.ui.internal.UISynchronizer.syncExec(UISynchronizer.java:133)
	at org.eclipse.swt.widgets.Display.syncExec(Display.java:4742)
	at org.knime.workbench.editor2.actions.AbstractNodeAction.run(AbstractNodeAction.java:157)
	at org.eclipse.jface.action.Action.runWithEvent(Action.java:474)
	at org.eclipse.jface.action.ActionContributionItem.handleWidgetSelection(ActionContributionItem.java:580)
	at org.eclipse.jface.action.ActionContributionItem.lambda$4(ActionContributionItem.java:414)
	at org.eclipse.swt.widgets.EventTable.sendEvent(EventTable.java:89)
	at org.eclipse.swt.widgets.Display.sendEvent(Display.java:4209)
	at org.eclipse.swt.widgets.Widget.sendEvent(Widget.java:1043)
	at org.eclipse.swt.widgets.Display.runDeferredEvents(Display.java:4026)
	at org.eclipse.swt.widgets.Display.readAndDispatch(Display.java:3626)
	at org.eclipse.e4.ui.internal.workbench.swt.PartRenderingEngine$5.run(PartRenderingEngine.java:1157)
	at org.eclipse.core.databinding.observable.Realm.runWithDefault(Realm.java:338)
	at org.eclipse.e4.ui.internal.workbench.swt.PartRenderingEngine.run(PartRenderingEngine.java:1046)
	at org.eclipse.e4.ui.internal.workbench.E4Workbench.createAndRunUI(E4Workbench.java:155)
	at org.eclipse.ui.internal.Workbench.lambda$3(Workbench.java:644)
	at org.eclipse.core.databinding.observable.Realm.runWithDefault(Realm.java:338)
	at org.eclipse.ui.internal.Workbench.createAndRunWorkbench(Workbench.java:551)
	at org.eclipse.ui.PlatformUI.createAndRunWorkbench(PlatformUI.java:156)
	at org.knime.product.rcp.KNIMEApplication.start(KNIMEApplication.java:184)
	at org.eclipse.equinox.internal.app.EclipseAppHandle.run(EclipseAppHandle.java:203)
	at org.eclipse.core.runtime.internal.adaptor.EclipseAppLauncher.runApplication(EclipseAppLauncher.java:134)
	at org.eclipse.core.runtime.internal.adaptor.EclipseAppLauncher.start(EclipseAppLauncher.java:104)
	at org.eclipse.core.runtime.adaptor.EclipseStarter.run(EclipseStarter.java:401)
	at org.eclipse.core.runtime.adaptor.EclipseStarter.run(EclipseStarter.java:255)
	at java.base/jdk.internal.reflect.NativeMethodAccessorImpl.invoke0(Native Method)
	at java.base/jdk.internal.reflect.NativeMethodAccessorImpl.invoke(Unknown Source)
	at java.base/jdk.internal.reflect.DelegatingMethodAccessorImpl.invoke(Unknown Source)
	at java.base/java.lang.reflect.Method.invoke(Unknown Source)
	at org.eclipse.equinox.launcher.Main.invokeFramework(Main.java:653)
	at org.eclipse.equinox.launcher.Main.basicRun(Main.java:590)
	at org.eclipse.equinox.launcher.Main.run(Main.java:1461)
2021-10-24 03:59:11,928 : WARN  : KNIME-Worker-21-Subset Matcher 3:14 :  : Node : Subset Matcher : 3:14 : No matching subsets found for 1 out of 1 sets
2021-10-24 04:02:26,796 : WARN  : KNIME-Worker-25-Subset Matcher 3:14 :  : Node : Subset Matcher : 3:14 : No matching subsets found for 1 out of 1 sets
2021-10-24 04:19:39,844 : WARN  : main :  : Node : Excel Reader : 4:1 : Please specify a file
2021-10-24 04:20:20,157 : WARN  : main :  : Node : CSV Reader : 4:1 : Please specify a file
2021-10-24 04:40:50,287 : WARN  : main :  : Node : GroupBy : 4:2 : No grouping column included. Aggregate complete table.
2021-10-24 04:40:50,288 : WARN  : main :  : Node : GroupBy : 4:2 : No aggregation column defined
2021-10-24 04:40:50,288 : WARN  : main :  : Node : GroupBy : 4:2 : No aggregation column defined
2021-10-24 04:40:50,288 : WARN  : main :  : Node : GroupBy : 4:2 : Please select at least one group or aggregation column
2021-10-24 04:41:01,468 : WARN  : main :  : Node : GroupBy : 4:2 : No aggregation column defined
2021-10-24 04:41:01,468 : WARN  : main :  : Node : GroupBy : 4:2 : No aggregation column defined
2021-10-24 04:41:01,901 : WARN  : main :  : Node : GroupBy : 4:2 : No aggregation column defined
2021-10-24 04:41:01,901 : WARN  : main :  : Node : GroupBy : 4:2 : No aggregation column defined
2021-10-24 04:41:04,423 : WARN  : main :  : Node : GroupBy : 4:2 : No aggregation column defined
2021-10-24 04:41:04,423 : WARN  : main :  : Node : GroupBy : 4:2 : No aggregation column defined
2021-10-24 04:41:07,523 : WARN  : main :  : Node : GroupBy : 4:2 : No aggregation column defined
2021-10-24 04:41:07,523 : WARN  : main :  : Node : GroupBy : 4:2 : No aggregation column defined
2021-10-24 04:42:31,952 : WARN  : main :  : Node : Cell Splitter : 4:3 : Specify the column to split.
2021-10-24 08:07:44,534 : WARN  : main :  : WrappedNodeDialog : Association Rule Learner : 4:4 : failed to apply settings: Cannot load settings into node; it is executing or has executing successors
java.lang.IllegalStateException: Cannot load settings into node; it is executing or has executing successors
	at org.knime.core.node.workflow.WorkflowManager.loadNodeSettings(WorkflowManager.java:1989)
	at org.knime.core.node.workflow.NodeContainer.applySettingsFromDialog(NodeContainer.java:1088)
	at org.knime.core.ui.wrapper.NodeContainerWrapper.applySettingsFromDialog(NodeContainerWrapper.java:264)
	at org.knime.workbench.ui.wrapper.WrappedNodeDialog.doApply(WrappedNodeDialog.java:644)
	at org.knime.workbench.ui.wrapper.WrappedNodeDialog$6.widgetSelected(WrappedNodeDialog.java:510)
	at org.eclipse.swt.widgets.TypedListener.handleEvent(TypedListener.java:252)
	at org.eclipse.swt.widgets.EventTable.sendEvent(EventTable.java:89)
	at org.eclipse.swt.widgets.Display.sendEvent(Display.java:4209)
	at org.eclipse.swt.widgets.Widget.sendEvent(Widget.java:1043)
	at org.eclipse.swt.widgets.Display.runDeferredEvents(Display.java:4026)
	at org.eclipse.swt.widgets.Display.readAndDispatch(Display.java:3626)
	at org.eclipse.jface.window.Window.runEventLoop(Window.java:823)
	at org.eclipse.jface.window.Window.open(Window.java:799)
	at org.knime.workbench.ui.wrapper.WrappedNodeDialog.open(WrappedNodeDialog.java:199)
	at org.knime.workbench.editor2.editparts.NodeContainerEditPart.openDialog(NodeContainerEditPart.java:935)
	at org.knime.workbench.editor2.editparts.NodeContainerEditPart.openNodeDialog(NodeContainerEditPart.java:843)
	at org.knime.workbench.editor2.actions.OpenDialogAction.runOnNodes(OpenDialogAction.java:129)
	at org.knime.workbench.editor2.actions.AbstractNodeAction.runInSWT(AbstractNodeAction.java:174)
	at org.knime.workbench.editor2.actions.AbstractNodeAction$1.run(AbstractNodeAction.java:160)
	at org.eclipse.swt.widgets.Synchronizer.syncExec(Synchronizer.java:236)
	at org.eclipse.ui.internal.UISynchronizer.syncExec(UISynchronizer.java:133)
	at org.eclipse.swt.widgets.Display.syncExec(Display.java:4742)
	at org.knime.workbench.editor2.actions.AbstractNodeAction.run(AbstractNodeAction.java:157)
	at org.eclipse.jface.action.Action.runWithEvent(Action.java:474)
	at org.eclipse.jface.action.ActionContributionItem.handleWidgetSelection(ActionContributionItem.java:580)
	at org.eclipse.jface.action.ActionContributionItem.lambda$4(ActionContributionItem.java:414)
	at org.eclipse.swt.widgets.EventTable.sendEvent(EventTable.java:89)
	at org.eclipse.swt.widgets.Display.sendEvent(Display.java:4209)
	at org.eclipse.swt.widgets.Widget.sendEvent(Widget.java:1043)
	at org.eclipse.swt.widgets.Display.runDeferredEvents(Display.java:4026)
	at org.eclipse.swt.widgets.Display.readAndDispatch(Display.java:3626)
	at org.eclipse.e4.ui.internal.workbench.swt.PartRenderingEngine$5.run(PartRenderingEngine.java:1157)
	at org.eclipse.core.databinding.observable.Realm.runWithDefault(Realm.java:338)
	at org.eclipse.e4.ui.internal.workbench.swt.PartRenderingEngine.run(PartRenderingEngine.java:1046)
	at org.eclipse.e4.ui.internal.workbench.E4Workbench.createAndRunUI(E4Workbench.java:155)
	at org.eclipse.ui.internal.Workbench.lambda$3(Workbench.java:644)
	at org.eclipse.core.databinding.observable.Realm.runWithDefault(Realm.java:338)
	at org.eclipse.ui.internal.Workbench.createAndRunWorkbench(Workbench.java:551)
	at org.eclipse.ui.PlatformUI.createAndRunWorkbench(PlatformUI.java:156)
	at org.knime.product.rcp.KNIMEApplication.start(KNIMEApplication.java:184)
	at org.eclipse.equinox.internal.app.EclipseAppHandle.run(EclipseAppHandle.java:203)
	at org.eclipse.core.runtime.internal.adaptor.EclipseAppLauncher.runApplication(EclipseAppLauncher.java:134)
	at org.eclipse.core.runtime.internal.adaptor.EclipseAppLauncher.start(EclipseAppLauncher.java:104)
	at org.eclipse.core.runtime.adaptor.EclipseStarter.run(EclipseStarter.java:401)
	at org.eclipse.core.runtime.adaptor.EclipseStarter.run(EclipseStarter.java:255)
	at java.base/jdk.internal.reflect.NativeMethodAccessorImpl.invoke0(Native Method)
	at java.base/jdk.internal.reflect.NativeMethodAccessorImpl.invoke(Unknown Source)
	at java.base/jdk.internal.reflect.DelegatingMethodAccessorImpl.invoke(Unknown Source)
	at java.base/java.lang.reflect.Method.invoke(Unknown Source)
	at org.eclipse.equinox.launcher.Main.invokeFramework(Main.java:653)
	at org.eclipse.equinox.launcher.Main.basicRun(Main.java:590)
	at org.eclipse.equinox.launcher.Main.run(Main.java:1461)
2021-10-24 08:07:48,633 : WARN  : main :  : WrappedNodeDialog : Association Rule Learner : 4:4 : failed to apply settings: Cannot load settings into node; it is executing or has executing successors
java.lang.IllegalStateException: Cannot load settings into node; it is executing or has executing successors
	at org.knime.core.node.workflow.WorkflowManager.loadNodeSettings(WorkflowManager.java:1989)
	at org.knime.core.node.workflow.NodeContainer.applySettingsFromDialog(NodeContainer.java:1088)
	at org.knime.core.ui.wrapper.NodeContainerWrapper.applySettingsFromDialog(NodeContainerWrapper.java:264)
	at org.knime.workbench.ui.wrapper.WrappedNodeDialog.doApply(WrappedNodeDialog.java:644)
	at org.knime.workbench.ui.wrapper.WrappedNodeDialog.doOK(WrappedNodeDialog.java:559)
	at org.knime.workbench.ui.wrapper.WrappedNodeDialog$5.widgetSelected(WrappedNodeDialog.java:495)
	at org.eclipse.swt.widgets.TypedListener.handleEvent(TypedListener.java:252)
	at org.eclipse.swt.widgets.EventTable.sendEvent(EventTable.java:89)
	at org.eclipse.swt.widgets.Display.sendEvent(Display.java:4209)
	at org.eclipse.swt.widgets.Widget.sendEvent(Widget.java:1043)
	at org.eclipse.swt.widgets.Display.runDeferredEvents(Display.java:4026)
	at org.eclipse.swt.widgets.Display.readAndDispatch(Display.java:3626)
	at org.eclipse.jface.window.Window.runEventLoop(Window.java:823)
	at org.eclipse.jface.window.Window.open(Window.java:799)
	at org.knime.workbench.ui.wrapper.WrappedNodeDialog.open(WrappedNodeDialog.java:199)
	at org.knime.workbench.editor2.editparts.NodeContainerEditPart.openDialog(NodeContainerEditPart.java:935)
	at org.knime.workbench.editor2.editparts.NodeContainerEditPart.openNodeDialog(NodeContainerEditPart.java:843)
	at org.knime.workbench.editor2.actions.OpenDialogAction.runOnNodes(OpenDialogAction.java:129)
	at org.knime.workbench.editor2.actions.AbstractNodeAction.runInSWT(AbstractNodeAction.java:174)
	at org.knime.workbench.editor2.actions.AbstractNodeAction$1.run(AbstractNodeAction.java:160)
	at org.eclipse.swt.widgets.Synchronizer.syncExec(Synchronizer.java:236)
	at org.eclipse.ui.internal.UISynchronizer.syncExec(UISynchronizer.java:133)
	at org.eclipse.swt.widgets.Display.syncExec(Display.java:4742)
	at org.knime.workbench.editor2.actions.AbstractNodeAction.run(AbstractNodeAction.java:157)
	at org.eclipse.jface.action.Action.runWithEvent(Action.java:474)
	at org.eclipse.jface.action.ActionContributionItem.handleWidgetSelection(ActionContributionItem.java:580)
	at org.eclipse.jface.action.ActionContributionItem.lambda$4(ActionContributionItem.java:414)
	at org.eclipse.swt.widgets.EventTable.sendEvent(EventTable.java:89)
	at org.eclipse.swt.widgets.Display.sendEvent(Display.java:4209)
	at org.eclipse.swt.widgets.Widget.sendEvent(Widget.java:1043)
	at org.eclipse.swt.widgets.Display.runDeferredEvents(Display.java:4026)
	at org.eclipse.swt.widgets.Display.readAndDispatch(Display.java:3626)
	at org.eclipse.e4.ui.internal.workbench.swt.PartRenderingEngine$5.run(PartRenderingEngine.java:1157)
	at org.eclipse.core.databinding.observable.Realm.runWithDefault(Realm.java:338)
	at org.eclipse.e4.ui.internal.workbench.swt.PartRenderingEngine.run(PartRenderingEngine.java:1046)
	at org.eclipse.e4.ui.internal.workbench.E4Workbench.createAndRunUI(E4Workbench.java:155)
	at org.eclipse.ui.internal.Workbench.lambda$3(Workbench.java:644)
	at org.eclipse.core.databinding.observable.Realm.runWithDefault(Realm.java:338)
	at org.eclipse.ui.internal.Workbench.createAndRunWorkbench(Workbench.java:551)
	at org.eclipse.ui.PlatformUI.createAndRunWorkbench(PlatformUI.java:156)
	at org.knime.product.rcp.KNIMEApplication.start(KNIMEApplication.java:184)
	at org.eclipse.equinox.internal.app.EclipseAppHandle.run(EclipseAppHandle.java:203)
	at org.eclipse.core.runtime.internal.adaptor.EclipseAppLauncher.runApplication(EclipseAppLauncher.java:134)
	at org.eclipse.core.runtime.internal.adaptor.EclipseAppLauncher.start(EclipseAppLauncher.java:104)
	at org.eclipse.core.runtime.adaptor.EclipseStarter.run(EclipseStarter.java:401)
	at org.eclipse.core.runtime.adaptor.EclipseStarter.run(EclipseStarter.java:255)
	at java.base/jdk.internal.reflect.NativeMethodAccessorImpl.invoke0(Native Method)
	at java.base/jdk.internal.reflect.NativeMethodAccessorImpl.invoke(Unknown Source)
	at java.base/jdk.internal.reflect.DelegatingMethodAccessorImpl.invoke(Unknown Source)
	at java.base/java.lang.reflect.Method.invoke(Unknown Source)
	at org.eclipse.equinox.launcher.Main.invokeFramework(Main.java:653)
	at org.eclipse.equinox.launcher.Main.basicRun(Main.java:590)
	at org.eclipse.equinox.launcher.Main.run(Main.java:1461)
2021-10-24 08:08:36,713 : WARN  : main :  : WrappedNodeDialog : Association Rule Learner : 4:4 : failed to apply settings: Cannot load settings into node; it is executing or has executing successors
java.lang.IllegalStateException: Cannot load settings into node; it is executing or has executing successors
	at org.knime.core.node.workflow.WorkflowManager.loadNodeSettings(WorkflowManager.java:1989)
	at org.knime.core.node.workflow.NodeContainer.applySettingsFromDialog(NodeContainer.java:1088)
	at org.knime.core.ui.wrapper.NodeContainerWrapper.applySettingsFromDialog(NodeContainerWrapper.java:264)
	at org.knime.workbench.ui.wrapper.WrappedNodeDialog.doApply(WrappedNodeDialog.java:644)
	at org.knime.workbench.ui.wrapper.WrappedNodeDialog.doOK(WrappedNodeDialog.java:559)
	at org.knime.workbench.ui.wrapper.WrappedNodeDialog$5.widgetSelected(WrappedNodeDialog.java:495)
	at org.eclipse.swt.widgets.TypedListener.handleEvent(TypedListener.java:252)
	at org.eclipse.swt.widgets.EventTable.sendEvent(EventTable.java:89)
	at org.eclipse.swt.widgets.Display.sendEvent(Display.java:4209)
	at org.eclipse.swt.widgets.Widget.sendEvent(Widget.java:1043)
	at org.eclipse.swt.widgets.Display.runDeferredEvents(Display.java:4026)
	at org.eclipse.swt.widgets.Display.readAndDispatch(Display.java:3626)
	at org.eclipse.jface.window.Window.runEventLoop(Window.java:823)
	at org.eclipse.jface.window.Window.open(Window.java:799)
	at org.knime.workbench.ui.wrapper.WrappedNodeDialog.open(WrappedNodeDialog.java:199)
	at org.knime.workbench.editor2.editparts.NodeContainerEditPart.openDialog(NodeContainerEditPart.java:935)
	at org.knime.workbench.editor2.editparts.NodeContainerEditPart.openNodeDialog(NodeContainerEditPart.java:843)
	at org.knime.workbench.editor2.actions.OpenDialogAction.runOnNodes(OpenDialogAction.java:129)
	at org.knime.workbench.editor2.actions.AbstractNodeAction.runInSWT(AbstractNodeAction.java:174)
	at org.knime.workbench.editor2.actions.AbstractNodeAction$1.run(AbstractNodeAction.java:160)
	at org.eclipse.swt.widgets.Synchronizer.syncExec(Synchronizer.java:236)
	at org.eclipse.ui.internal.UISynchronizer.syncExec(UISynchronizer.java:133)
	at org.eclipse.swt.widgets.Display.syncExec(Display.java:4742)
	at org.knime.workbench.editor2.actions.AbstractNodeAction.run(AbstractNodeAction.java:157)
	at org.eclipse.jface.action.Action.runWithEvent(Action.java:474)
	at org.eclipse.jface.action.ActionContributionItem.handleWidgetSelection(ActionContributionItem.java:580)
	at org.eclipse.jface.action.ActionContributionItem.lambda$4(ActionContributionItem.java:414)
	at org.eclipse.swt.widgets.EventTable.sendEvent(EventTable.java:89)
	at org.eclipse.swt.widgets.Display.sendEvent(Display.java:4209)
	at org.eclipse.swt.widgets.Widget.sendEvent(Widget.java:1043)
	at org.eclipse.swt.widgets.Display.runDeferredEvents(Display.java:4026)
	at org.eclipse.swt.widgets.Display.readAndDispatch(Display.java:3626)
	at org.eclipse.e4.ui.internal.workbench.swt.PartRenderingEngine$5.run(PartRenderingEngine.java:1157)
	at org.eclipse.core.databinding.observable.Realm.runWithDefault(Realm.java:338)
	at org.eclipse.e4.ui.internal.workbench.swt.PartRenderingEngine.run(PartRenderingEngine.java:1046)
	at org.eclipse.e4.ui.internal.workbench.E4Workbench.createAndRunUI(E4Workbench.java:155)
	at org.eclipse.ui.internal.Workbench.lambda$3(Workbench.java:644)
	at org.eclipse.core.databinding.observable.Realm.runWithDefault(Realm.java:338)
	at org.eclipse.ui.internal.Workbench.createAndRunWorkbench(Workbench.java:551)
	at org.eclipse.ui.PlatformUI.createAndRunWorkbench(PlatformUI.java:156)
	at org.knime.product.rcp.KNIMEApplication.start(KNIMEApplication.java:184)
	at org.eclipse.equinox.internal.app.EclipseAppHandle.run(EclipseAppHandle.java:203)
	at org.eclipse.core.runtime.internal.adaptor.EclipseAppLauncher.runApplication(EclipseAppLauncher.java:134)
	at org.eclipse.core.runtime.internal.adaptor.EclipseAppLauncher.start(EclipseAppLauncher.java:104)
	at org.eclipse.core.runtime.adaptor.EclipseStarter.run(EclipseStarter.java:401)
	at org.eclipse.core.runtime.adaptor.EclipseStarter.run(EclipseStarter.java:255)
	at java.base/jdk.internal.reflect.NativeMethodAccessorImpl.invoke0(Native Method)
	at java.base/jdk.internal.reflect.NativeMethodAccessorImpl.invoke(Unknown Source)
	at java.base/jdk.internal.reflect.DelegatingMethodAccessorImpl.invoke(Unknown Source)
	at java.base/java.lang.reflect.Method.invoke(Unknown Source)
	at org.eclipse.equinox.launcher.Main.invokeFramework(Main.java:653)
	at org.eclipse.equinox.launcher.Main.basicRun(Main.java:590)
	at org.eclipse.equinox.launcher.Main.run(Main.java:1461)
2021-10-24 08:09:16,929 : ERROR : Removal workflow - MBA_Project 4 :  : ProjectWorkflowMap : MBA_Project : 4 : Workflow did not react on cancel within 20 seconds, giving up
2021-10-24 08:11:43,434 : ERROR : Removal workflow - MBA_Project 0 :  : ProjectWorkflowMap : MBA_Project : 0 : Workflow did not react on cancel within 20 seconds, giving up
2021-10-24 08:15:45,564 : ERROR : Removal workflow - MBA_Project 5 :  : ProjectWorkflowMap : MBA_Project : 5 : Workflow did not react on cancel within 20 seconds, giving up
2021-10-24 08:22:47,657 : WARN  : main :  : WrappedNodeDialog : GroupBy : 6:2 : failed to apply settings: Cannot load settings into node; it is executing or has executing successors
java.lang.IllegalStateException: Cannot load settings into node; it is executing or has executing successors
	at org.knime.core.node.workflow.WorkflowManager.loadNodeSettings(WorkflowManager.java:1989)
	at org.knime.core.node.workflow.NodeContainer.applySettingsFromDialog(NodeContainer.java:1088)
	at org.knime.core.ui.wrapper.NodeContainerWrapper.applySettingsFromDialog(NodeContainerWrapper.java:264)
	at org.knime.workbench.ui.wrapper.WrappedNodeDialog.doApply(WrappedNodeDialog.java:625)
	at org.knime.workbench.ui.wrapper.WrappedNodeDialog$6.widgetSelected(WrappedNodeDialog.java:510)
	at org.eclipse.swt.widgets.TypedListener.handleEvent(TypedListener.java:252)
	at org.eclipse.swt.widgets.EventTable.sendEvent(EventTable.java:89)
	at org.eclipse.swt.widgets.Display.sendEvent(Display.java:4209)
	at org.eclipse.swt.widgets.Widget.sendEvent(Widget.java:1043)
	at org.eclipse.swt.widgets.Display.runDeferredEvents(Display.java:4026)
	at org.eclipse.swt.widgets.Display.readAndDispatch(Display.java:3626)
	at org.eclipse.jface.window.Window.runEventLoop(Window.java:823)
	at org.eclipse.jface.window.Window.open(Window.java:799)
	at org.knime.workbench.ui.wrapper.WrappedNodeDialog.open(WrappedNodeDialog.java:199)
	at org.knime.workbench.editor2.editparts.NodeContainerEditPart.openDialog(NodeContainerEditPart.java:935)
	at org.knime.workbench.editor2.editparts.NodeContainerEditPart.openNodeDialog(NodeContainerEditPart.java:843)
	at org.knime.workbench.editor2.actions.OpenDialogAction.runOnNodes(OpenDialogAction.java:129)
	at org.knime.workbench.editor2.actions.AbstractNodeAction.runInSWT(AbstractNodeAction.java:174)
	at org.knime.workbench.editor2.actions.AbstractNodeAction$1.run(AbstractNodeAction.java:160)
	at org.eclipse.swt.widgets.Synchronizer.syncExec(Synchronizer.java:236)
	at org.eclipse.ui.internal.UISynchronizer.syncExec(UISynchronizer.java:133)
	at org.eclipse.swt.widgets.Display.syncExec(Display.java:4742)
	at org.knime.workbench.editor2.actions.AbstractNodeAction.run(AbstractNodeAction.java:157)
	at org.eclipse.jface.action.Action.runWithEvent(Action.java:474)
	at org.eclipse.jface.action.ActionContributionItem.handleWidgetSelection(ActionContributionItem.java:580)
	at org.eclipse.jface.action.ActionContributionItem.lambda$4(ActionContributionItem.java:414)
	at org.eclipse.swt.widgets.EventTable.sendEvent(EventTable.java:89)
	at org.eclipse.swt.widgets.Display.sendEvent(Display.java:4209)
	at org.eclipse.swt.widgets.Widget.sendEvent(Widget.java:1043)
	at org.eclipse.swt.widgets.Display.runDeferredEvents(Display.java:4026)
	at org.eclipse.swt.widgets.Display.readAndDispatch(Display.java:3626)
	at org.eclipse.e4.ui.internal.workbench.swt.PartRenderingEngine$5.run(PartRenderingEngine.java:1157)
	at org.eclipse.core.databinding.observable.Realm.runWithDefault(Realm.java:338)
	at org.eclipse.e4.ui.internal.workbench.swt.PartRenderingEngine.run(PartRenderingEngine.java:1046)
	at org.eclipse.e4.ui.internal.workbench.E4Workbench.createAndRunUI(E4Workbench.java:155)
	at org.eclipse.ui.internal.Workbench.lambda$3(Workbench.java:644)
	at org.eclipse.core.databinding.observable.Realm.runWithDefault(Realm.java:338)
	at org.eclipse.ui.internal.Workbench.createAndRunWorkbench(Workbench.java:551)
	at org.eclipse.ui.PlatformUI.createAndRunWorkbench(PlatformUI.java:156)
	at org.knime.product.rcp.KNIMEApplication.start(KNIMEApplication.java:184)
	at org.eclipse.equinox.internal.app.EclipseAppHandle.run(EclipseAppHandle.java:203)
	at org.eclipse.core.runtime.internal.adaptor.EclipseAppLauncher.runApplication(EclipseAppLauncher.java:134)
	at org.eclipse.core.runtime.internal.adaptor.EclipseAppLauncher.start(EclipseAppLauncher.java:104)
	at org.eclipse.core.runtime.adaptor.EclipseStarter.run(EclipseStarter.java:401)
	at org.eclipse.core.runtime.adaptor.EclipseStarter.run(EclipseStarter.java:255)
	at java.base/jdk.internal.reflect.NativeMethodAccessorImpl.invoke0(Native Method)
	at java.base/jdk.internal.reflect.NativeMethodAccessorImpl.invoke(Unknown Source)
	at java.base/jdk.internal.reflect.DelegatingMethodAccessorImpl.invoke(Unknown Source)
	at java.base/java.lang.reflect.Method.invoke(Unknown Source)
	at org.eclipse.equinox.launcher.Main.invokeFramework(Main.java:653)
	at org.eclipse.equinox.launcher.Main.basicRun(Main.java:590)
	at org.eclipse.equinox.launcher.Main.run(Main.java:1461)
2021-10-24 08:23:14,852 : ERROR : Removal workflow - MBA_Project 6 :  : ProjectWorkflowMap : MBA_Project : 6 : Workflow did not react on cancel within 20 seconds, giving up
2021-10-24 08:29:32,242 : ERROR : Clear OSGi configuration :  : InvokeUpdateAction :  :  : Could not clean OSGi configuration area: C:\Program Files\KNIME\configuration\org.eclipse.osgi\124\0\.cp\os\win32\x86_64\localfile_1_0_0.dll
2021-10-24 08:36:52,199 : ERROR : Removal workflow - MBA_Project 4 :  : ProjectWorkflowMap : MBA_Project : 4 : Workflow did not react on cancel within 20 seconds, giving up
2021-10-24 08:37:49,789 : ERROR : Removal workflow - MBA_Project 6 :  : ProjectWorkflowMap : MBA_Project : 6 : Workflow did not react on cancel within 20 seconds, giving up
2021-10-24 08:38:28,224 : WARN  : KNIME-Worker-13-Association Rule Learner 7:4 :  : Node : Association Rule Learner : 7:4 : Node created an empty data table.
2021-10-24 08:45:10,566 : ERROR : Removal workflow - MBA_Project 7 :  : ProjectWorkflowMap : MBA_Project : 7 : Workflow did not react on cancel within 20 seconds, giving up
2021-10-24 08:47:34,118 : ERROR : Removal workflow - MBA_Project 8 :  : ProjectWorkflowMap : MBA_Project : 8 : Workflow did not react on cancel within 20 seconds, giving up
2021-10-24 08:50:11,199 : ERROR : Removal workflow - MBA_Project 9 :  : ProjectWorkflowMap : MBA_Project : 9 : Workflow did not react on cancel within 20 seconds, giving up
2021-10-24 09:04:06,084 : ERROR : Removal workflow - MBA_Project 3 :  : ProjectWorkflowMap : MBA_Project : 3 : Workflow did not react on cancel within 20 seconds, giving up
2021-10-24 09:04:11,291 : WARN  : KNIME-Worker-9-Association Rule Learner 4:4 :  : Node : Association Rule Learner : 4:4 : Node created an empty data table.
2021-10-24 09:06:26,177 : ERROR : Removal workflow - MBA_Project 4 :  : ProjectWorkflowMap : MBA_Project : 4 : Workflow did not react on cancel within 20 seconds, giving up
2021-10-24 09:07:12,587 : ERROR : Removal workflow - MBA_Project 5 :  : ProjectWorkflowMap : MBA_Project : 5 : Workflow did not react on cancel within 20 seconds, giving up
2021-10-24 09:07:16,023 : WARN  : KNIME-Worker-12-Association Rule Learner 6:4 :  : Node : Association Rule Learner : 6:4 : Node created an empty data table.
2021-10-24 09:07:30,133 : WARN  : KNIME-Worker-13-Association Rule Learner 6:4 :  : Node : Association Rule Learner : 6:4 : Node created an empty data table.
2021-10-24 09:07:41,031 : WARN  : KNIME-Worker-14-Association Rule Learner 6:4 :  : Node : Association Rule Learner : 6:4 : Node created an empty data table.
2021-10-24 09:07:49,288 : WARN  : KNIME-Worker-15-Association Rule Learner 6:4 :  : Node : Association Rule Learner : 6:4 : Node created an empty data table.
2021-10-24 09:07:58,172 : WARN  : KNIME-Worker-16-Association Rule Learner 6:4 :  : Node : Association Rule Learner : 6:4 : Node created an empty data table.
2021-10-24 09:08:04,458 : WARN  : KNIME-Worker-12-Association Rule Learner 6:4 :  : Node : Association Rule Learner : 6:4 : Node created an empty data table.
2021-10-24 09:09:43,580 : ERROR : Removal workflow - MBA_Project 6 :  : ProjectWorkflowMap : MBA_Project : 6 : Workflow did not react on cancel within 20 seconds, giving up
2021-10-24 09:46:59,133 : WARN  : main :  : Node : Column Rename : 7:5 : No configuration available
2021-10-24 09:47:42,002 : WARN  : main :  : Node : GroupBy : 7:6 : No grouping column included. Aggregate complete table.
2021-10-24 09:47:42,003 : WARN  : main :  : Node : GroupBy : 7:6 : No aggregation column defined
2021-10-24 09:47:42,003 : WARN  : main :  : Node : GroupBy : 7:6 : No aggregation column defined
2021-10-24 09:47:42,004 : WARN  : main :  : Node : GroupBy : 7:6 : Please select at least one group or aggregation column
2021-10-24 09:58:02,380 : WARN  : main :  : Node : Column Rename : 7:7 : No configuration available
2021-10-24 10:01:20,510 : WARN  : main :  : Node : GroupBy : 7:8 : No grouping column included. Aggregate complete table.
2021-10-24 10:01:20,510 : WARN  : main :  : Node : GroupBy : 7:8 : No aggregation column defined
2021-10-24 10:01:20,510 : WARN  : main :  : Node : GroupBy : 7:8 : No aggregation column defined
2021-10-24 10:01:20,511 : WARN  : main :  : Node : GroupBy : 7:8 : Please select at least one group or aggregation column
2021-10-24 10:25:19,139 : WARN  : main :  : Node : Excel Writer : 7:8 : Please specify a file
2021-10-24 10:25:54,479 : ERROR : KNIME-Worker-38-Excel Writer 7:8 :  : Node : Excel Writer : 7:8 : Execute failed: Unsupported column type 'Set'. Please remove corresponding column(s) from the input table.
java.lang.IllegalArgumentException: Unsupported column type 'Set'. Please remove corresponding column(s) from the input table.
	at org.knime.ext.poi3.node.io.filehandling.excel.writer.cell.ExcelCellWriterFactory.createCellWriter(ExcelCellWriterFactory.java:142)
	at org.knime.ext.poi3.node.io.filehandling.excel.writer.sheet.ExcelSheetWriter.<init>(ExcelSheetWriter.java:96)
	at org.knime.ext.poi3.node.io.filehandling.excel.writer.table.XlsxTableWriter.createSheetWriter(XlsxTableWriter.java:77)
	at org.knime.ext.poi3.node.io.filehandling.excel.writer.table.AbstractExcelTableWriter.writeTable(AbstractExcelTableWriter.java:95)
	at org.knime.ext.poi3.node.io.filehandling.excel.writer.table.ExcelMultiTableWriter.writeTables(ExcelMultiTableWriter.java:114)
	at org.knime.ext.poi3.node.io.filehandling.excel.writer.ExcelTableWriterNodeModel.write(ExcelTableWriterNodeModel.java:195)
	at org.knime.ext.poi3.node.io.filehandling.excel.writer.ExcelTableWriterNodeModel.execute(ExcelTableWriterNodeModel.java:162)
	at org.knime.core.node.NodeModel.executeModel(NodeModel.java:549)
	at org.knime.core.node.Node.invokeFullyNodeModelExecute(Node.java:1259)
	at org.knime.core.node.Node.execute(Node.java:1039)
	at org.knime.core.node.workflow.NativeNodeContainer.performExecuteNode(NativeNodeContainer.java:559)
	at org.knime.core.node.exec.LocalNodeExecutionJob.mainExecute(LocalNodeExecutionJob.java:95)
	at org.knime.core.node.workflow.NodeExecutionJob.internalRun(NodeExecutionJob.java:201)
	at org.knime.core.node.workflow.NodeExecutionJob.run(NodeExecutionJob.java:117)
	at org.knime.core.util.ThreadUtils$RunnableWithContextImpl.runWithContext(ThreadUtils.java:365)
	at org.knime.core.util.ThreadUtils$RunnableWithContext.run(ThreadUtils.java:219)
	at java.base/java.util.concurrent.Executors$RunnableAdapter.call(Unknown Source)
	at java.base/java.util.concurrent.FutureTask.run(Unknown Source)
	at org.knime.core.util.ThreadPool$MyFuture.run(ThreadPool.java:123)
	at org.knime.core.util.ThreadPool$Worker.run(ThreadPool.java:246)
2021-10-24 10:26:29,888 : ERROR : KNIME-Worker-39-Excel Writer 7:8 :  : Node : Excel Writer : 7:8 : Execute failed: Unsupported column type 'Set'. Please remove corresponding column(s) from the input table.
java.lang.IllegalArgumentException: Unsupported column type 'Set'. Please remove corresponding column(s) from the input table.
	at org.knime.ext.poi3.node.io.filehandling.excel.writer.cell.ExcelCellWriterFactory.createCellWriter(ExcelCellWriterFactory.java:142)
	at org.knime.ext.poi3.node.io.filehandling.excel.writer.sheet.ExcelSheetWriter.<init>(ExcelSheetWriter.java:96)
	at org.knime.ext.poi3.node.io.filehandling.excel.writer.table.XlsxTableWriter.createSheetWriter(XlsxTableWriter.java:77)
	at org.knime.ext.poi3.node.io.filehandling.excel.writer.table.AbstractExcelTableWriter.writeTable(AbstractExcelTableWriter.java:95)
	at org.knime.ext.poi3.node.io.filehandling.excel.writer.table.ExcelMultiTableWriter.writeTables(ExcelMultiTableWriter.java:114)
	at org.knime.ext.poi3.node.io.filehandling.excel.writer.ExcelTableWriterNodeModel.write(ExcelTableWriterNodeModel.java:195)
	at org.knime.ext.poi3.node.io.filehandling.excel.writer.ExcelTableWriterNodeModel.execute(ExcelTableWriterNodeModel.java:162)
	at org.knime.core.node.NodeModel.executeModel(NodeModel.java:549)
	at org.knime.core.node.Node.invokeFullyNodeModelExecute(Node.java:1259)
	at org.knime.core.node.Node.execute(Node.java:1039)
	at org.knime.core.node.workflow.NativeNodeContainer.performExecuteNode(NativeNodeContainer.java:559)
	at org.knime.core.node.exec.LocalNodeExecutionJob.mainExecute(LocalNodeExecutionJob.java:95)
	at org.knime.core.node.workflow.NodeExecutionJob.internalRun(NodeExecutionJob.java:201)
	at org.knime.core.node.workflow.NodeExecutionJob.run(NodeExecutionJob.java:117)
	at org.knime.core.util.ThreadUtils$RunnableWithContextImpl.runWithContext(ThreadUtils.java:365)
	at org.knime.core.util.ThreadUtils$RunnableWithContext.run(ThreadUtils.java:219)
	at java.base/java.util.concurrent.Executors$RunnableAdapter.call(Unknown Source)
	at java.base/java.util.concurrent.FutureTask.run(Unknown Source)
	at org.knime.core.util.ThreadPool$MyFuture.run(ThreadPool.java:123)
	at org.knime.core.util.ThreadPool$Worker.run(ThreadPool.java:246)
2021-10-24 10:26:55,268 : WARN  : main :  : Node : CSV Writer : 7:8 : Please specify a file
2021-10-24 10:27:46,072 : WARN  : main :  : Node : CSV Writer : 7:8 : Input table must only contain String, Int, or Doubles
2021-10-24 10:27:47,071 : WARN  : main :  : Node : CSV Writer : 7:8 : Input table must only contain String, Int, or Doubles
2021-10-24 10:29:11,678 : WARN  : main :  : Node : Explorer Browser : 7:8 : URL must not be null
2021-10-24 11:18:35,269 : ERROR : Clear OSGi configuration :  : InvokeInstallSiteAction :  :  : Could not clean OSGi configuration area: C:\Program Files\KNIME\configuration\org.eclipse.osgi\262\0\.cp\os\win32\x86_64\localfile_1_0_0.dll
2021-10-24 11:19:12,556 : WARN  : Worker-0: Node Repository Loader :  : HadoopInitializer :  :  : Unable to find 'msvcr100.dll' at hadoop home creation.
